unodit - unodit - INFO - 
Version:  unodit 0.8.0      Created:  Wed Oct 11 16:48:49 2023

unodit directory = /home/jisananm/Desktop/unodit-master
---------------------------------------------------------------------
mode      = script_oxt
pydir     = /media/jisananm/New Volume/Unodit/TTSFinal/tts_refined
xdlfile   = av
app name  = tts_writer
panel     = 2
indent    = 4
---------------------------------------------------------------------

unodit - mode_script_oxt - INFO - 
MODE: ---------- script_oxt --------------------------------------
oxt_creator - __init__ - INFO - NEW LOGGER: unodit.oxt_creator.CreateScriptExtension
oxt_creator - create - INFO - oxt: tts_writer_Devel.oxt
unodit - unodit - INFO - 
CONTENT:/media/jisananm/New Volume/Unodit/TTSFinal/tts_refined directory:
/media/jisananm/New Volume/Unodit/TTSFinal/tts_refined/Addons.xcu,
/media/jisananm/New Volume/Unodit/TTSFinal/tts_refined/description.xml,
/media/jisananm/New Volume/Unodit/TTSFinal/tts_refined/log.log,
/media/jisananm/New Volume/Unodit/TTSFinal/tts_refined/README.md,
/media/jisananm/New Volume/Unodit/TTSFinal/tts_refined/tts_writer_Devel.oxt,
/media/jisananm/New Volume/Unodit/TTSFinal/tts_refined/.git/COMMIT_EDITMSG,
/media/jisananm/New Volume/Unodit/TTSFinal/tts_refined/.git/config,
/media/jisananm/New Volume/Unodit/TTSFinal/tts_refined/.git/description,
/media/jisananm/New Volume/Unodit/TTSFinal/tts_refined/.git/FETCH_HEAD,
/media/jisananm/New Volume/Unodit/TTSFinal/tts_refined/.git/HEAD,
/media/jisananm/New Volume/Unodit/TTSFinal/tts_refined/.git/index,
/media/jisananm/New Volume/Unodit/TTSFinal/tts_refined/.git/hooks/applypatch-msg.sample,
/media/jisananm/New Volume/Unodit/TTSFinal/tts_refined/.git/hooks/commit-msg.sample,
/media/jisananm/New Volume/Unodit/TTSFinal/tts_refined/.git/hooks/fsmonitor-watchman.sample,
/media/jisananm/New Volume/Unodit/TTSFinal/tts_refined/.git/hooks/post-update.sample,
/media/jisananm/New Volume/Unodit/TTSFinal/tts_refined/.git/hooks/pre-applypatch.sample,
/media/jisananm/New Volume/Unodit/TTSFinal/tts_refined/.git/hooks/pre-commit.sample,
/media/jisananm/New Volume/Unodit/TTSFinal/tts_refined/.git/hooks/pre-merge-commit.sample,
/media/jisananm/New Volume/Unodit/TTSFinal/tts_refined/.git/hooks/pre-push.sample,
/media/jisananm/New Volume/Unodit/TTSFinal/tts_refined/.git/hooks/pre-rebase.sample,
/media/jisananm/New Volume/Unodit/TTSFinal/tts_refined/.git/hooks/pre-receive.sample,
/media/jisananm/New Volume/Unodit/TTSFinal/tts_refined/.git/hooks/prepare-commit-msg.sample,
/media/jisananm/New Volume/Unodit/TTSFinal/tts_refined/.git/hooks/push-to-checkout.sample,
/media/jisananm/New Volume/Unodit/TTSFinal/tts_refined/.git/hooks/update.sample,
/media/jisananm/New Volume/Unodit/TTSFinal/tts_refined/.git/info/exclude,
/media/jisananm/New Volume/Unodit/TTSFinal/tts_refined/.git/logs/HEAD,
/media/jisananm/New Volume/Unodit/TTSFinal/tts_refined/.git/logs/refs/heads/master,
/media/jisananm/New Volume/Unodit/TTSFinal/tts_refined/.git/logs/refs/remotes/origin/master,
/media/jisananm/New Volume/Unodit/TTSFinal/tts_refined/.git/objects/00/c442ffe2c3191105b3df81686cd654d3b4da42,
/media/jisananm/New Volume/Unodit/TTSFinal/tts_refined/.git/objects/02/ba799a928a831c9521b7f0733466c9a0560d59,
/media/jisananm/New Volume/Unodit/TTSFinal/tts_refined/.git/objects/02/cdee55e259d249c7b7c79c9c88b35fffbe211c,
/media/jisananm/New Volume/Unodit/TTSFinal/tts_refined/.git/objects/03/c14656efdcf7f3a27ffe298c0a6daf3ca5caee,
/media/jisananm/New Volume/Unodit/TTSFinal/tts_refined/.git/objects/05/0535994eab91f26c9d85a6cef3ce26ada8ace6,
/media/jisananm/New Volume/Unodit/TTSFinal/tts_refined/.git/objects/06/3e94f5e166be092d1703dd9eace3da706c1e0f,
/media/jisananm/New Volume/Unodit/TTSFinal/tts_refined/.git/objects/06/bb0314d0f1ccc6bb891fe31251ec3396f55c7c,
/media/jisananm/New Volume/Unodit/TTSFinal/tts_refined/.git/objects/0f/ff78e1ac2599ba529b6b57241c62be1b2f5063,
/media/jisananm/New Volume/Unodit/TTSFinal/tts_refined/.git/objects/10/5ce2da2d6447d11dfe32bfb846c3d5b199fc99,
/media/jisananm/New Volume/Unodit/TTSFinal/tts_refined/.git/objects/13/566b81b018ad684f3a35fee301741b2734c8f4,
/media/jisananm/New Volume/Unodit/TTSFinal/tts_refined/.git/objects/16/6ee572b208325ef56990822527fab87ddc31d7,
/media/jisananm/New Volume/Unodit/TTSFinal/tts_refined/.git/objects/16/f3593b0f4e931fa96d1da8c052550ebbc6e716,
/media/jisananm/New Volume/Unodit/TTSFinal/tts_refined/.git/objects/1c/9438389ca4b4cf889a9b14b2120cec18c4df39,
/media/jisananm/New Volume/Unodit/TTSFinal/tts_refined/.git/objects/21/ed7e04a3b1fa55eb624630e84da3c8665fb955,
/media/jisananm/New Volume/Unodit/TTSFinal/tts_refined/.git/objects/24/7499c8b5552e4239d71254942cadde25ac63c6,
/media/jisananm/New Volume/Unodit/TTSFinal/tts_refined/.git/objects/25/f0d114f8ac211ae2c31649ae85b6a98d666442,
/media/jisananm/New Volume/Unodit/TTSFinal/tts_refined/.git/objects/2d/ee0a44d72e3fe3f7fbc1e385d1b00ffeb4c217,
/media/jisananm/New Volume/Unodit/TTSFinal/tts_refined/.git/objects/35/68088acfc085307ce11b9237f188e1ef6f8ff1,
/media/jisananm/New Volume/Unodit/TTSFinal/tts_refined/.git/objects/35/6c1b86144ec88fc11c664e3f8ccf6dd174d333,
/media/jisananm/New Volume/Unodit/TTSFinal/tts_refined/.git/objects/51/32ee128d1a46e31dab9b3902d3ad529e8c1189,
/media/jisananm/New Volume/Unodit/TTSFinal/tts_refined/.git/objects/51/6d8e496c5a54563fd1c159415c2228e227f218,
/media/jisananm/New Volume/Unodit/TTSFinal/tts_refined/.git/objects/53/8c46ce0d8861b3c6670e272710a4a80a1da46e,
/media/jisananm/New Volume/Unodit/TTSFinal/tts_refined/.git/objects/58/cd30fc03db2fffc0ac3611a79ba501cb144507,
/media/jisananm/New Volume/Unodit/TTSFinal/tts_refined/.git/objects/69/b1e9c717e4e61be8741020a2ad225262fb7e8e,
/media/jisananm/New Volume/Unodit/TTSFinal/tts_refined/.git/objects/6d/00f654f4e536270795c39398cc0976b4c268e5,
/media/jisananm/New Volume/Unodit/TTSFinal/tts_refined/.git/objects/70/f3dc9691bc0cd533dfe40f0169c65c1ecc1e44,
/media/jisananm/New Volume/Unodit/TTSFinal/tts_refined/.git/objects/7c/15a73bee257c1e0480bafbccdc50549d0c8ba2,
/media/jisananm/New Volume/Unodit/TTSFinal/tts_refined/.git/objects/86/1ebb425114db9d73a1780f5d73947a0bee9adb,
/media/jisananm/New Volume/Unodit/TTSFinal/tts_refined/.git/objects/8b/8c395472a5a6b3598af42086e590417ace9933,
/media/jisananm/New Volume/Unodit/TTSFinal/tts_refined/.git/objects/8e/e7326b8b80429984745c58f80175bd45143c47,
/media/jisananm/New Volume/Unodit/TTSFinal/tts_refined/.git/objects/8f/fe2726c15e210f110bebb6f91bb8081f552fd9,
/media/jisananm/New Volume/Unodit/TTSFinal/tts_refined/.git/objects/94/ba35e59c452b848d3eebc6ca4bc17e0953f16f,
/media/jisananm/New Volume/Unodit/TTSFinal/tts_refined/.git/objects/96/3a97a4f9d812c47cc15e258e74d437e75d7762,
/media/jisananm/New Volume/Unodit/TTSFinal/tts_refined/.git/objects/9a/84d555010ad281ea8b6b50bc40a8c6b599883f,
/media/jisananm/New Volume/Unodit/TTSFinal/tts_refined/.git/objects/b2/a6ca00911a33c653eb424504df0ec9033bf74b,
/media/jisananm/New Volume/Unodit/TTSFinal/tts_refined/.git/objects/ba/75c149bc5e9bbf0b3db461ed4648c94f777486,
/media/jisananm/New Volume/Unodit/TTSFinal/tts_refined/.git/objects/c0/aa0134193f5e10136f600c41064d132300e13a,
/media/jisananm/New Volume/Unodit/TTSFinal/tts_refined/.git/objects/c9/5a12185066d7ee9c5139f705cfe8c1f4a1a2e2,
/media/jisananm/New Volume/Unodit/TTSFinal/tts_refined/.git/objects/cb/a20a140abe8fdd1d0939023bd14a33d39a942f,
/media/jisananm/New Volume/Unodit/TTSFinal/tts_refined/.git/objects/d5/c101560b0a8e3969cd0f1e72204dfe64e3181c,
/media/jisananm/New Volume/Unodit/TTSFinal/tts_refined/.git/objects/d9/1376432b859d60dab7d435cde9a52ee3cb5d00,
/media/jisananm/New Volume/Unodit/TTSFinal/tts_refined/.git/objects/d9/42c324fa8fe2572f98d5c3654a48eb1772b627,
/media/jisananm/New Volume/Unodit/TTSFinal/tts_refined/.git/objects/dc/9ea4906e15825848ae951155a4381c08529eaf,
/media/jisananm/New Volume/Unodit/TTSFinal/tts_refined/.git/objects/e0/2abfc9b0e17c18f0c365f044cc760d3b961f4a,
/media/jisananm/New Volume/Unodit/TTSFinal/tts_refined/.git/objects/e5/0e990d2ff8df98ba5140934fcfcc428a7225de,
/media/jisananm/New Volume/Unodit/TTSFinal/tts_refined/.git/objects/e5/ed15ad0c45bf38820f5d0cc91f92d858ad4515,
/media/jisananm/New Volume/Unodit/TTSFinal/tts_refined/.git/objects/e6/9de29bb2d1d6434b8b29ae775ad8c2e48c5391,
/media/jisananm/New Volume/Unodit/TTSFinal/tts_refined/.git/objects/eb/0badc6ed5ede256abd6e79df2df8e0644ca1ae,
/media/jisananm/New Volume/Unodit/TTSFinal/tts_refined/.git/objects/fe/17ae1189b3511ca420472d6d76758117bc5a08,
/media/jisananm/New Volume/Unodit/TTSFinal/tts_refined/.git/refs/heads/master,
/media/jisananm/New Volume/Unodit/TTSFinal/tts_refined/.git/refs/remotes/origin/master,
/media/jisananm/New Volume/Unodit/TTSFinal/tts_refined/.idea/.gitignore,
/media/jisananm/New Volume/Unodit/TTSFinal/tts_refined/.idea/misc.xml,
/media/jisananm/New Volume/Unodit/TTSFinal/tts_refined/.idea/modules.xml,
/media/jisananm/New Volume/Unodit/TTSFinal/tts_refined/.idea/tts_refined.iml,
/media/jisananm/New Volume/Unodit/TTSFinal/tts_refined/.idea/vcs.xml,
/media/jisananm/New Volume/Unodit/TTSFinal/tts_refined/.idea/workspace.xml,
/media/jisananm/New Volume/Unodit/TTSFinal/tts_refined/.idea/inspectionProfiles/profiles_settings.xml,
/media/jisananm/New Volume/Unodit/TTSFinal/tts_refined/.idea/inspectionProfiles/Project_Default.xml,
/media/jisananm/New Volume/Unodit/TTSFinal/tts_refined/.idea/runConfigurations/tts_writer.xml,
/media/jisananm/New Volume/Unodit/TTSFinal/tts_refined/.idea/runConfigurations/tts_writer_UI.xml,
/media/jisananm/New Volume/Unodit/TTSFinal/tts_refined/description/description.txt,
/media/jisananm/New Volume/Unodit/TTSFinal/tts_refined/description/title.txt,
/media/jisananm/New Volume/Unodit/TTSFinal/tts_refined/META-INF/manifest.xml,
/media/jisananm/New Volume/Unodit/TTSFinal/tts_refined/registration/license.txt,
/media/jisananm/New Volume/Unodit/TTSFinal/tts_refined/src/tts_writer.py,
/media/jisananm/New Volume/Unodit/TTSFinal/tts_refined/src/pythonpath/tts_writer_UI.py,
/media/jisananm/New Volume/Unodit/TTSFinal/tts_refined/src/pythonpath/__pycache__/tts_writer_UI.cpython-310.pyc,
/media/jisananm/New Volume/Unodit/TTSFinal/tts_refined/src/pythonpath/__pycache__/tts_writer_UI.cpython-38.pyc,

